<?xml version="1.0" encoding="UTF-8"?>
<testsuite name="test.TokenizerTest" tests="6" skipped="0" failures="0" errors="0" timestamp="2026-09-13T05:28:32.169Z" hostname="ziad-Lenovo-Slim-7-16IAH7" time="0.004">
  <properties/>
  <testcase name="apostropheTest" classname="test.TokenizerTest" time="0.0"/>
  <testcase name="emptyStringTest" classname="test.TokenizerTest" time="0.0"/>
  <testcase name="hyphensTest" classname="test.TokenizerTest" time="0.0"/>
  <testcase name="lonelyApostropheTest" classname="test.TokenizerTest" time="0.0"/>
  <testcase name="normalTest" classname="test.TokenizerTest" time="0.0"/>
  <testcase name="spacesTest" classname="test.TokenizerTest" time="0.0"/>
  <system-out><![CDATA[]]></system-out>
  <system-err><![CDATA[]]></system-err>
</testsuite>
