<?xml version="1.0" encoding="UTF-8"?>
<testsuite name="test.IndexTest" tests="4" skipped="0" failures="0" errors="0" timestamp="2026-09-13T05:28:32.152Z" hostname="ziad-Lenovo-Slim-7-16IAH7" time="0.017">
  <properties/>
  <testcase name="differentTermsTest" classname="test.IndexTest" time="0.001"/>
  <testcase name="queryingAbsentTerms" classname="test.IndexTest" time="0.0"/>
  <testcase name="sameTermMultipleDocsTest" classname="test.IndexTest" time="0.001"/>
  <testcase name="sameTermSameDocTest" classname="test.IndexTest" time="0.0"/>
  <system-out><![CDATA[]]></system-out>
  <system-err><![CDATA[]]></system-err>
</testsuite>
